<?xml version="1.0" encoding="UTF-8"?>
<!-- Generated by org.testng.reporters.JUnitXMLReporter -->
<testsuite ignored="0" hostname="DESKTOP-0E4BT9V" failures="1" tests="3" name="Test Automation MailChimp" time="14.327" errors="0" timestamp="09 Aug 2018 07:16:01 GMT">
  <testcase classname="com.mailchimp.automation.testcases.SignUpPageTest" name="signUpPageTitleTest" time="0.013"/>
  <testcase classname="com.mailchimp.automation.testcases.SignUpPageTest" name="logInLinkTest" time="6.299"/>
  <testcase classname="com.mailchimp.automation.testcases.SignUpPageTest" name="signUpTest" time="2.097">
    <failure type="java.lang.AssertionError" message="Title did not matched expected [MailChimp | Success] but found [MailChimp | Signup]">
      <![CDATA[java.lang.AssertionError: Title did not matched expected [MailChimp | Success] but found [MailChimp | Signup]
	at com.mailchimp.automation.testcases.SignUpPageTest.signUpTest(SignUpPageTest.java:44)
	at com.mailchimp.automation.suite.TestStarter.start(TestStarter.java:37)
	at com.mailchimp.automation.MailChimpApp.main(MailChimpApp.java:20)
... Removed 27 stack frames]]>
    </failure>
  </testcase> <!-- signUpTest -->
</testsuite> <!-- Test Automation MailChimp -->
