<?xml version="1.0" encoding="UTF-8"?>
<testng-results ignored="0" total="3" passed="2" failed="1" skipped="0">
  <reporter-output>
  </reporter-output>
  <suite started-at="2018-08-09T07:15:47Z" name="MailChimp_Demo_QA_Automation_Test_Report" finished-at="2018-08-09T07:16:01Z" duration-ms="14327">
    <groups>
    </groups>
    <test started-at="2018-08-09T07:15:47Z" name="Test Automation MailChimp" finished-at="2018-08-09T07:16:01Z" duration-ms="14327">
      <class name="com.mailchimp.automation.testcases.SignUpPageTest">
        <test-method is-config="true" signature="setUp()[pri:0, instance:com.mailchimp.automation.testcases.SignUpPageTest@b968a76]" started-at="2018-08-09T13:15:33Z" name="setUp" finished-at="2018-08-09T13:15:47Z" duration-ms="13485" status="PASS">
          <reporter-output>
          </reporter-output>
        </test-method> <!-- setUp -->
        <test-method signature="signUpPageTitleTest()[pri:0, instance:com.mailchimp.automation.testcases.SignUpPageTest@b968a76]" started-at="2018-08-09T13:15:47Z" name="signUpPageTitleTest" finished-at="2018-08-09T13:15:47Z" duration-ms="13" status="PASS">
          <reporter-output>
          </reporter-output>
        </test-method> <!-- signUpPageTitleTest -->
        <test-method is-config="true" signature="cleanUp()[pri:0, instance:com.mailchimp.automation.testcases.SignUpPageTest@b968a76]" started-at="2018-08-09T13:15:47Z" name="cleanUp" finished-at="2018-08-09T13:15:48Z" duration-ms="1023" status="PASS">
          <reporter-output>
          </reporter-output>
        </test-method> <!-- cleanUp -->
        <test-method signature="logInLinkTest()[pri:1, instance:com.mailchimp.automation.testcases.SignUpPageTest@b968a76]" started-at="2018-08-09T13:15:48Z" name="logInLinkTest" finished-at="2018-08-09T13:15:54Z" duration-ms="6299" status="PASS">
          <reporter-output>
          </reporter-output>
        </test-method> <!-- logInLinkTest -->
        <test-method is-config="true" signature="cleanUp()[pri:0, instance:com.mailchimp.automation.testcases.SignUpPageTest@b968a76]" started-at="2018-08-09T13:15:55Z" name="cleanUp" finished-at="2018-08-09T13:15:57Z" duration-ms="1576" status="PASS">
          <reporter-output>
          </reporter-output>
        </test-method> <!-- cleanUp -->
        <test-method signature="signUpTest()[pri:2, instance:com.mailchimp.automation.testcases.SignUpPageTest@b968a76]" started-at="2018-08-09T13:15:57Z" name="signUpTest" finished-at="2018-08-09T13:15:59Z" duration-ms="2097" status="FAIL">
          <exception class="java.lang.AssertionError">
            <message>
              <![CDATA[Title did not matched expected [MailChimp | Success] but found [MailChimp | Signup]]]>
            </message>
            <full-stacktrace>
              <![CDATA[java.lang.AssertionError: Title did not matched expected [MailChimp | Success] but found [MailChimp | Signup]
	at org.testng.Assert.fail(Assert.java:93)
	at org.testng.Assert.failNotEquals(Assert.java:512)
	at org.testng.Assert.assertEqualsImpl(Assert.java:134)
	at org.testng.Assert.assertEquals(Assert.java:115)
	at org.testng.Assert.assertEquals(Assert.java:189)
	at com.mailchimp.automation.testcases.SignUpPageTest.signUpTest(SignUpPageTest.java:44)
	at java.base/jdk.internal.reflect.NativeMethodAccessorImpl.invoke0(Native Method)
	at java.base/jdk.internal.reflect.NativeMethodAccessorImpl.invoke(Unknown Source)
	at java.base/jdk.internal.reflect.DelegatingMethodAccessorImpl.invoke(Unknown Source)
	at java.base/java.lang.reflect.Method.invoke(Unknown Source)
	at org.testng.internal.MethodInvocationHelper.invokeMethod(MethodInvocationHelper.java:108)
	at org.testng.internal.Invoker.invokeMethod(Invoker.java:661)
	at org.testng.internal.Invoker.invokeTestMethod(Invoker.java:869)
	at org.testng.internal.Invoker.invokeTestMethods(Invoker.java:1193)
	at org.testng.internal.TestMethodWorker.invokeTestMethods(TestMethodWorker.java:126)
	at org.testng.internal.TestMethodWorker.run(TestMethodWorker.java:109)
	at org.testng.TestRunner.privateRun(TestRunner.java:744)
	at org.testng.TestRunner.run(TestRunner.java:602)
	at org.testng.SuiteRunner.runTest(SuiteRunner.java:380)
	at org.testng.SuiteRunner.runSequentially(SuiteRunner.java:375)
	at org.testng.SuiteRunner.privateRun(SuiteRunner.java:340)
	at org.testng.SuiteRunner.run(SuiteRunner.java:289)
	at org.testng.SuiteRunnerWorker.runSuite(SuiteRunnerWorker.java:52)
	at org.testng.SuiteRunnerWorker.run(SuiteRunnerWorker.java:86)
	at org.testng.TestNG.runSuitesSequentially(TestNG.java:1301)
	at org.testng.TestNG.runSuitesLocally(TestNG.java:1226)
	at org.testng.TestNG.runSuites(TestNG.java:1144)
	at org.testng.TestNG.run(TestNG.java:1115)
	at com.mailchimp.automation.suite.TestStarter.start(TestStarter.java:37)
	at com.mailchimp.automation.MailChimpApp.main(MailChimpApp.java:20)
]]>
            </full-stacktrace>
          </exception> <!-- java.lang.AssertionError -->
          <reporter-output>
          </reporter-output>
        </test-method> <!-- signUpTest -->
        <test-method is-config="true" signature="cleanUp()[pri:0, instance:com.mailchimp.automation.testcases.SignUpPageTest@b968a76]" started-at="2018-08-09T13:15:59Z" name="cleanUp" finished-at="2018-08-09T13:16:01Z" duration-ms="1832" status="PASS">
          <reporter-output>
          </reporter-output>
        </test-method> <!-- cleanUp -->
      </class> <!-- com.mailchimp.automation.testcases.SignUpPageTest -->
    </test> <!-- Test Automation MailChimp -->
  </suite> <!-- MailChimp_Demo_QA_Automation_Test_Report -->
</testng-results>
