<?xml version="1.0" encoding="UTF-8"?>
<testng-results ignored="0" total="9" passed="7" failed="2" skipped="0">
  <reporter-output>
  </reporter-output>
  <suite started-at="2018-08-09T10:52:13Z" name="MailChimp_Demo_QA_Automation_Test_Report" finished-at="2018-08-09T10:55:03Z" duration-ms="169367">
    <groups>
    </groups>
    <test started-at="2018-08-09T10:52:13Z" name="Test Automation MailChimp" finished-at="2018-08-09T10:55:03Z" duration-ms="169367">
      <class name="com.mailchimp.automation.testcases.HomePageTest">
        <test-method is-config="true" signature="setUp()[pri:0, instance:com.mailchimp.automation.testcases.HomePageTest@5778826f]" started-at="2018-08-09T16:52:13Z" name="setUp" finished-at="2018-08-09T16:52:13Z" duration-ms="150" status="PASS">
          <reporter-output>
          </reporter-output>
        </test-method> <!-- setUp -->
        <test-method signature="verifyHomePageTitleTest()[pri:1, instance:com.mailchimp.automation.testcases.HomePageTest@5778826f]" started-at="2018-08-09T16:52:13Z" name="verifyHomePageTitleTest" finished-at="2018-08-09T16:52:13Z" duration-ms="16" status="PASS">
          <reporter-output>
          </reporter-output>
        </test-method> <!-- verifyHomePageTitleTest -->
        <test-method is-config="true" signature="tearDown()[pri:0, instance:com.mailchimp.automation.testcases.HomePageTest@5778826f]" started-at="2018-08-09T16:52:14Z" name="tearDown" finished-at="2018-08-09T16:52:14Z" duration-ms="1" status="PASS">
          <reporter-output>
          </reporter-output>
        </test-method> <!-- tearDown -->
        <test-method is-config="true" signature="setUp()[pri:0, instance:com.mailchimp.automation.testcases.HomePageTest@5778826f]" started-at="2018-08-09T16:52:14Z" name="setUp" finished-at="2018-08-09T16:52:14Z" duration-ms="0" status="PASS">
          <reporter-output>
          </reporter-output>
        </test-method> <!-- setUp -->
        <test-method signature="verifyPricingTitleTest()[pri:2, instance:com.mailchimp.automation.testcases.HomePageTest@5778826f]" started-at="2018-08-09T16:52:14Z" name="verifyPricingTitleTest" finished-at="2018-08-09T16:52:21Z" duration-ms="6844" status="PASS">
          <reporter-output>
          </reporter-output>
        </test-method> <!-- verifyPricingTitleTest -->
        <test-method is-config="true" signature="tearDown()[pri:0, instance:com.mailchimp.automation.testcases.HomePageTest@5778826f]" started-at="2018-08-09T16:52:21Z" name="tearDown" finished-at="2018-08-09T16:52:21Z" duration-ms="1" status="PASS">
          <reporter-output>
          </reporter-output>
        </test-method> <!-- tearDown -->
        <test-method is-config="true" signature="setUp()[pri:0, instance:com.mailchimp.automation.testcases.HomePageTest@5778826f]" started-at="2018-08-09T16:52:21Z" name="setUp" finished-at="2018-08-09T16:52:21Z" duration-ms="1" status="PASS">
          <reporter-output>
          </reporter-output>
        </test-method> <!-- setUp -->
        <test-method signature="verifyFeaturesTitleTest()[pri:3, instance:com.mailchimp.automation.testcases.HomePageTest@5778826f]" started-at="2018-08-09T16:52:21Z" name="verifyFeaturesTitleTest" finished-at="2018-08-09T16:53:20Z" duration-ms="59065" status="PASS">
          <reporter-output>
          </reporter-output>
        </test-method> <!-- verifyFeaturesTitleTest -->
        <test-method is-config="true" signature="tearDown()[pri:0, instance:com.mailchimp.automation.testcases.HomePageTest@5778826f]" started-at="2018-08-09T16:53:21Z" name="tearDown" finished-at="2018-08-09T16:53:21Z" duration-ms="1" status="PASS">
          <reporter-output>
          </reporter-output>
        </test-method> <!-- tearDown -->
        <test-method signature="verifyLearningTitleTest()[pri:4, instance:com.mailchimp.automation.testcases.HomePageTest@5778826f]" started-at="2018-08-09T16:53:21Z" name="verifyLearningTitleTest" finished-at="2018-08-09T16:54:07Z" duration-ms="46362" status="PASS">
          <reporter-output>
          </reporter-output>
        </test-method> <!-- verifyLearningTitleTest -->
        <test-method is-config="true" signature="setUp()[pri:0, instance:com.mailchimp.automation.testcases.HomePageTest@5778826f]" started-at="2018-08-09T16:53:21Z" name="setUp" finished-at="2018-08-09T16:53:21Z" duration-ms="0" status="PASS">
          <reporter-output>
          </reporter-output>
        </test-method> <!-- setUp -->
        <test-method is-config="true" signature="tearDown()[pri:0, instance:com.mailchimp.automation.testcases.HomePageTest@5778826f]" started-at="2018-08-09T16:54:07Z" name="tearDown" finished-at="2018-08-09T16:54:07Z" duration-ms="1" status="PASS">
          <reporter-output>
          </reporter-output>
        </test-method> <!-- tearDown -->
        <test-method is-config="true" signature="setUp()[pri:0, instance:com.mailchimp.automation.testcases.HomePageTest@5778826f]" started-at="2018-08-09T16:54:07Z" name="setUp" finished-at="2018-08-09T16:54:07Z" duration-ms="1" status="PASS">
          <reporter-output>
          </reporter-output>
        </test-method> <!-- setUp -->
        <test-method signature="verifyBlogTitleTest()[pri:5, instance:com.mailchimp.automation.testcases.HomePageTest@5778826f]" started-at="2018-08-09T16:54:07Z" name="verifyBlogTitleTest" finished-at="2018-08-09T16:54:27Z" duration-ms="19515" status="PASS">
          <reporter-output>
          </reporter-output>
        </test-method> <!-- verifyBlogTitleTest -->
        <test-method is-config="true" signature="tearDown()[pri:0, instance:com.mailchimp.automation.testcases.HomePageTest@5778826f]" started-at="2018-08-09T16:54:27Z" name="tearDown" finished-at="2018-08-09T16:54:27Z" duration-ms="3" status="PASS">
          <reporter-output>
          </reporter-output>
        </test-method> <!-- tearDown -->
        <test-method is-config="true" signature="setUp()[pri:0, instance:com.mailchimp.automation.testcases.HomePageTest@5778826f]" started-at="2018-08-09T16:54:27Z" name="setUp" finished-at="2018-08-09T16:54:27Z" duration-ms="1" status="PASS">
          <reporter-output>
          </reporter-output>
        </test-method> <!-- setUp -->
        <test-method signature="verifyWhatsNewTitleTest()[pri:6, instance:com.mailchimp.automation.testcases.HomePageTest@5778826f]" started-at="2018-08-09T16:54:27Z" name="verifyWhatsNewTitleTest" finished-at="2018-08-09T16:54:54Z" duration-ms="26740" status="PASS">
          <reporter-output>
          </reporter-output>
        </test-method> <!-- verifyWhatsNewTitleTest -->
        <test-method is-config="true" signature="tearDown()[pri:0, instance:com.mailchimp.automation.testcases.HomePageTest@5778826f]" started-at="2018-08-09T16:54:54Z" name="tearDown" finished-at="2018-08-09T16:54:54Z" duration-ms="1" status="PASS">
          <reporter-output>
          </reporter-output>
        </test-method> <!-- tearDown -->
        <test-method is-config="true" signature="setUp()[pri:0, instance:com.mailchimp.automation.testcases.HomePageTest@5778826f]" started-at="2018-08-09T16:54:54Z" name="setUp" finished-at="2018-08-09T16:54:54Z" duration-ms="1" status="PASS">
          <reporter-output>
          </reporter-output>
        </test-method> <!-- setUp -->
        <test-method signature="verifyLoginTitleTest()[pri:7, instance:com.mailchimp.automation.testcases.HomePageTest@5778826f]" started-at="2018-08-09T16:54:54Z" name="verifyLoginTitleTest" finished-at="2018-08-09T16:54:54Z" duration-ms="18" status="FAIL">
          <exception class="java.lang.AssertionError">
            <message>
              <![CDATA[Title did not matched expected [Login | MailChimp - email marketing made easy] but found [What’s New at MailChimp]]]>
            </message>
            <full-stacktrace>
              <![CDATA[java.lang.AssertionError: Title did not matched expected [Login | MailChimp - email marketing made easy] but found [What’s New at MailChimp]
	at org.testng.Assert.fail(Assert.java:93)
	at org.testng.Assert.failNotEquals(Assert.java:512)
	at org.testng.Assert.assertEqualsImpl(Assert.java:134)
	at org.testng.Assert.assertEquals(Assert.java:115)
	at org.testng.Assert.assertEquals(Assert.java:189)
	at com.mailchimp.automation.testcases.HomePageTest.verifyLoginTitleTest(HomePageTest.java:76)
	at java.base/jdk.internal.reflect.NativeMethodAccessorImpl.invoke0(Native Method)
	at java.base/jdk.internal.reflect.NativeMethodAccessorImpl.invoke(Unknown Source)
	at java.base/jdk.internal.reflect.DelegatingMethodAccessorImpl.invoke(Unknown Source)
	at java.base/java.lang.reflect.Method.invoke(Unknown Source)
	at org.testng.internal.MethodInvocationHelper.invokeMethod(MethodInvocationHelper.java:108)
	at org.testng.internal.Invoker.invokeMethod(Invoker.java:661)
	at org.testng.internal.Invoker.invokeTestMethod(Invoker.java:869)
	at org.testng.internal.Invoker.invokeTestMethods(Invoker.java:1193)
	at org.testng.internal.TestMethodWorker.invokeTestMethods(TestMethodWorker.java:126)
	at org.testng.internal.TestMethodWorker.run(TestMethodWorker.java:109)
	at org.testng.TestRunner.privateRun(TestRunner.java:744)
	at org.testng.TestRunner.run(TestRunner.java:602)
	at org.testng.SuiteRunner.runTest(SuiteRunner.java:380)
	at org.testng.SuiteRunner.runSequentially(SuiteRunner.java:375)
	at org.testng.SuiteRunner.privateRun(SuiteRunner.java:340)
	at org.testng.SuiteRunner.run(SuiteRunner.java:289)
	at org.testng.SuiteRunnerWorker.runSuite(SuiteRunnerWorker.java:52)
	at org.testng.SuiteRunnerWorker.run(SuiteRunnerWorker.java:86)
	at org.testng.TestNG.runSuitesSequentially(TestNG.java:1301)
	at org.testng.TestNG.runSuitesLocally(TestNG.java:1226)
	at org.testng.TestNG.runSuites(TestNG.java:1144)
	at org.testng.TestNG.run(TestNG.java:1115)
	at com.mailchimp.automation.suite.TestStarter.start(TestStarter.java:37)
	at com.mailchimp.automation.MailChimpApp.main(MailChimpApp.java:20)
]]>
            </full-stacktrace>
          </exception> <!-- java.lang.AssertionError -->
          <reporter-output>
          </reporter-output>
        </test-method> <!-- verifyLoginTitleTest -->
        <test-method is-config="true" signature="tearDown()[pri:0, instance:com.mailchimp.automation.testcases.HomePageTest@5778826f]" started-at="2018-08-09T16:54:55Z" name="tearDown" finished-at="2018-08-09T16:54:55Z" duration-ms="1" status="PASS">
          <reporter-output>
          </reporter-output>
        </test-method> <!-- tearDown -->
        <test-method is-config="true" signature="setUp()[pri:0, instance:com.mailchimp.automation.testcases.HomePageTest@5778826f]" started-at="2018-08-09T16:54:55Z" name="setUp" finished-at="2018-08-09T16:54:55Z" duration-ms="0" status="PASS">
          <reporter-output>
          </reporter-output>
        </test-method> <!-- setUp -->
        <test-method signature="verifySignUpTitleTest()[pri:8, instance:com.mailchimp.automation.testcases.HomePageTest@5778826f]" started-at="2018-08-09T16:54:55Z" name="verifySignUpTitleTest" finished-at="2018-08-09T16:54:55Z" duration-ms="11" status="FAIL">
          <exception class="java.lang.AssertionError">
            <message>
              <![CDATA[Title did not matched expected [MailChimp | Signup] but found [What’s New at MailChimp]]]>
            </message>
            <full-stacktrace>
              <![CDATA[java.lang.AssertionError: Title did not matched expected [MailChimp | Signup] but found [What’s New at MailChimp]
	at org.testng.Assert.fail(Assert.java:93)
	at org.testng.Assert.failNotEquals(Assert.java:512)
	at org.testng.Assert.assertEqualsImpl(Assert.java:134)
	at org.testng.Assert.assertEquals(Assert.java:115)
	at org.testng.Assert.assertEquals(Assert.java:189)
	at com.mailchimp.automation.testcases.HomePageTest.verifySignUpTitleTest(HomePageTest.java:83)
	at java.base/jdk.internal.reflect.NativeMethodAccessorImpl.invoke0(Native Method)
	at java.base/jdk.internal.reflect.NativeMethodAccessorImpl.invoke(Unknown Source)
	at java.base/jdk.internal.reflect.DelegatingMethodAccessorImpl.invoke(Unknown Source)
	at java.base/java.lang.reflect.Method.invoke(Unknown Source)
	at org.testng.internal.MethodInvocationHelper.invokeMethod(MethodInvocationHelper.java:108)
	at org.testng.internal.Invoker.invokeMethod(Invoker.java:661)
	at org.testng.internal.Invoker.invokeTestMethod(Invoker.java:869)
	at org.testng.internal.Invoker.invokeTestMethods(Invoker.java:1193)
	at org.testng.internal.TestMethodWorker.invokeTestMethods(TestMethodWorker.java:126)
	at org.testng.internal.TestMethodWorker.run(TestMethodWorker.java:109)
	at org.testng.TestRunner.privateRun(TestRunner.java:744)
	at org.testng.TestRunner.run(TestRunner.java:602)
	at org.testng.SuiteRunner.runTest(SuiteRunner.java:380)
	at org.testng.SuiteRunner.runSequentially(SuiteRunner.java:375)
	at org.testng.SuiteRunner.privateRun(SuiteRunner.java:340)
	at org.testng.SuiteRunner.run(SuiteRunner.java:289)
	at org.testng.SuiteRunnerWorker.runSuite(SuiteRunnerWorker.java:52)
	at org.testng.SuiteRunnerWorker.run(SuiteRunnerWorker.java:86)
	at org.testng.TestNG.runSuitesSequentially(TestNG.java:1301)
	at org.testng.TestNG.runSuitesLocally(TestNG.java:1226)
	at org.testng.TestNG.runSuites(TestNG.java:1144)
	at org.testng.TestNG.run(TestNG.java:1115)
	at com.mailchimp.automation.suite.TestStarter.start(TestStarter.java:37)
	at com.mailchimp.automation.MailChimpApp.main(MailChimpApp.java:20)
]]>
            </full-stacktrace>
          </exception> <!-- java.lang.AssertionError -->
          <reporter-output>
          </reporter-output>
        </test-method> <!-- verifySignUpTitleTest -->
        <test-method is-config="true" signature="tearDown()[pri:0, instance:com.mailchimp.automation.testcases.HomePageTest@5778826f]" started-at="2018-08-09T16:54:55Z" name="tearDown" finished-at="2018-08-09T16:54:55Z" duration-ms="1" status="PASS">
          <reporter-output>
          </reporter-output>
        </test-method> <!-- tearDown -->
        <test-method is-config="true" signature="setUp()[pri:0, instance:com.mailchimp.automation.testcases.HomePageTest@5778826f]" started-at="2018-08-09T16:54:55Z" name="setUp" finished-at="2018-08-09T16:54:55Z" duration-ms="1" status="PASS">
          <reporter-output>
          </reporter-output>
        </test-method> <!-- setUp -->
        <test-method signature="verifySupportTitleTest()[pri:9, instance:com.mailchimp.automation.testcases.HomePageTest@5778826f]" started-at="2018-08-09T16:54:55Z" name="verifySupportTitleTest" finished-at="2018-08-09T16:55:02Z" duration-ms="7220" status="PASS">
          <reporter-output>
          </reporter-output>
        </test-method> <!-- verifySupportTitleTest -->
        <test-method is-config="true" signature="tearDown()[pri:0, instance:com.mailchimp.automation.testcases.HomePageTest@5778826f]" started-at="2018-08-09T16:55:03Z" name="tearDown" finished-at="2018-08-09T16:55:03Z" duration-ms="1" status="PASS">
          <reporter-output>
          </reporter-output>
        </test-method> <!-- tearDown -->
      </class> <!-- com.mailchimp.automation.testcases.HomePageTest -->
    </test> <!-- Test Automation MailChimp -->
  </suite> <!-- MailChimp_Demo_QA_Automation_Test_Report -->
</testng-results>
