<?xml version="1.0" encoding="UTF-8"?>
<!-- Generated by org.testng.reporters.JUnitXMLReporter -->
<testsuite ignored="0" hostname="DESKTOP-0E4BT9V" failures="2" tests="9" name="Test Automation MailChimp" time="169.367" errors="0" timestamp="09 Aug 2018 10:55:03 GMT">
  <testcase classname="com.mailchimp.automation.testcases.HomePageTest" name="verifyHomePageTitleTest" time="0.016"/>
  <testcase classname="com.mailchimp.automation.testcases.HomePageTest" name="verifyPricingTitleTest" time="6.844"/>
  <testcase classname="com.mailchimp.automation.testcases.HomePageTest" name="verifyFeaturesTitleTest" time="59.065"/>
  <testcase classname="com.mailchimp.automation.testcases.HomePageTest" name="verifyLearningTitleTest" time="46.362"/>
  <testcase classname="com.mailchimp.automation.testcases.HomePageTest" name="verifyBlogTitleTest" time="19.515"/>
  <testcase classname="com.mailchimp.automation.testcases.HomePageTest" name="verifyWhatsNewTitleTest" time="26.74"/>
  <testcase classname="com.mailchimp.automation.testcases.HomePageTest" name="verifyLoginTitleTest" time="0.018">
    <failure type="java.lang.AssertionError" message="Title did not matched expected [Login | MailChimp - email marketing made easy] but found [What’s New at MailChimp]">
      <![CDATA[java.lang.AssertionError: Title did not matched expected [Login | MailChimp - email marketing made easy] but found [What’s New at MailChimp]
	at com.mailchimp.automation.testcases.HomePageTest.verifyLoginTitleTest(HomePageTest.java:76)
	at com.mailchimp.automation.suite.TestStarter.start(TestStarter.java:37)
	at com.mailchimp.automation.MailChimpApp.main(MailChimpApp.java:20)
... Removed 27 stack frames]]>
    </failure>
  </testcase> <!-- verifyLoginTitleTest -->
  <testcase classname="com.mailchimp.automation.testcases.HomePageTest" name="verifySignUpTitleTest" time="0.011">
    <failure type="java.lang.AssertionError" message="Title did not matched expected [MailChimp | Signup] but found [What’s New at MailChimp]">
      <![CDATA[java.lang.AssertionError: Title did not matched expected [MailChimp | Signup] but found [What’s New at MailChimp]
	at com.mailchimp.automation.testcases.HomePageTest.verifySignUpTitleTest(HomePageTest.java:83)
	at com.mailchimp.automation.suite.TestStarter.start(TestStarter.java:37)
	at com.mailchimp.automation.MailChimpApp.main(MailChimpApp.java:20)
... Removed 27 stack frames]]>
    </failure>
  </testcase> <!-- verifySignUpTitleTest -->
  <testcase classname="com.mailchimp.automation.testcases.HomePageTest" name="verifySupportTitleTest" time="7.22"/>
</testsuite> <!-- Test Automation MailChimp -->
