<html>
<head>
<title>TestNG:  Test Automation MailChimp</title>
<link href="../testng.css" rel="stylesheet" type="text/css" />
<link href="../my-testng.css" rel="stylesheet" type="text/css" />

<style type="text/css">
.log { display: none;} 
.stack-trace { display: none;} 
</style>
<script type="text/javascript">
<!--
function flip(e) {
  current = e.style.display;
  if (current == 'block') {
    e.style.display = 'none';
    return 0;
  }
  else {
    e.style.display = 'block';
    return 1;
  }
}

function toggleBox(szDivId, elem, msg1, msg2)
{
  var res = -1;  if (document.getElementById) {
    res = flip(document.getElementById(szDivId));
  }
  else if (document.all) {
    // this is the way old msie versions work
    res = flip(document.all[szDivId]);
  }
  if(elem) {
    if(res == 0) elem.innerHTML = msg1; else elem.innerHTML = msg2;
  }

}

function toggleAllBoxes() {
  if (document.getElementsByTagName) {
    d = document.getElementsByTagName('div');
    for (i = 0; i < d.length; i++) {
      if (d[i].className == 'log') {
        flip(d[i]);
      }
    }
  }
}

// -->
</script>

</head>
<body>
<h2 align='center'>Test Automation MailChimp</h2><table border='1' align="center">
<tr>
<td>Tests passed/Failed/Skipped:</td><td>3/1/1</td>
</tr><tr>
<td>Started on:</td><td>Thu Aug 09 13:00:43 BDT 2018</td>
</tr>
<tr><td>Total time:</td><td>40 seconds (40368 ms)</td>
</tr><tr>
<td>Included groups:</td><td></td>
</tr><tr>
<td>Excluded groups:</td><td></td>
</tr>
</table><p/>
<small><i>(Hover the method name to see the test class name)</i></small><p/>
<table width='100%' border='1' class='invocation-failed'>
<tr><td colspan='4' align='center'><b>FAILED CONFIGURATIONS</b></td></tr>
<tr><td><b>Test method</b></td>
<td width="30%"><b>Exception</b></td>
<td width="10%"><b>Time (seconds)</b></td>
<td><b>Instance</b></td>
</tr>
<tr>
<td title='com.mailchimp.automation.testcases.LogoutPageTest.setUp()'><b>setUp</b><br>Test class: com.mailchimp.automation.testcases.LogoutPageTest</td>
<td><div><pre>java.lang.NullPointerException
	at com.mailchimp.automation.testcases.LogoutPageTest.setUp(LogoutPageTest.java:23)
	at com.mailchimp.automation.suite.TestStarter.start(TestStarter.java:37)
	at com.mailchimp.automation.MailChimpApp.main(MailChimpApp.java:22)
... Removed 24 stack frames</pre></div><a href='#' onClick='toggleBox("stack-trace1987418535", this, "Click to show all stack frames", "Click to hide stack frames")'>Click to show all stack frames</a>
<div class='stack-trace' id='stack-trace1987418535'><pre>java.lang.NullPointerException
	at com.mailchimp.automation.testcases.LogoutPageTest.setUp(LogoutPageTest.java:23)
	at java.base/jdk.internal.reflect.NativeMethodAccessorImpl.invoke0(Native Method)
	at java.base/jdk.internal.reflect.NativeMethodAccessorImpl.invoke(Unknown Source)
	at java.base/jdk.internal.reflect.DelegatingMethodAccessorImpl.invoke(Unknown Source)
	at java.base/java.lang.reflect.Method.invoke(Unknown Source)
	at org.testng.internal.MethodInvocationHelper.invokeMethod(MethodInvocationHelper.java:108)
	at org.testng.internal.Invoker.invokeConfigurationMethod(Invoker.java:523)
	at org.testng.internal.Invoker.invokeConfigurations(Invoker.java:224)
	at org.testng.internal.Invoker.invokeMethod(Invoker.java:599)
	at org.testng.internal.Invoker.invokeTestMethod(Invoker.java:869)
	at org.testng.internal.Invoker.invokeTestMethods(Invoker.java:1193)
	at org.testng.internal.TestMethodWorker.invokeTestMethods(TestMethodWorker.java:126)
	at org.testng.internal.TestMethodWorker.run(TestMethodWorker.java:109)
	at org.testng.TestRunner.privateRun(TestRunner.java:744)
	at org.testng.TestRunner.run(TestRunner.java:602)
	at org.testng.SuiteRunner.runTest(SuiteRunner.java:380)
	at org.testng.SuiteRunner.runSequentially(SuiteRunner.java:375)
	at org.testng.SuiteRunner.privateRun(SuiteRunner.java:340)
	at org.testng.SuiteRunner.run(SuiteRunner.java:289)
	at org.testng.SuiteRunnerWorker.runSuite(SuiteRunnerWorker.java:52)
	at org.testng.SuiteRunnerWorker.run(SuiteRunnerWorker.java:86)
	at org.testng.TestNG.runSuitesSequentially(TestNG.java:1301)
	at org.testng.TestNG.runSuitesLocally(TestNG.java:1226)
	at org.testng.TestNG.runSuites(TestNG.java:1144)
	at org.testng.TestNG.run(TestNG.java:1115)
	at com.mailchimp.automation.suite.TestStarter.start(TestStarter.java:37)
	at com.mailchimp.automation.MailChimpApp.main(MailChimpApp.java:22)
</pre></div></td>
<td>0</td>
<td>com.mailchimp.automation.testcases.LogoutPageTest@7829b776</td></tr>
</table><p>
<table width='100%' border='1' class='invocation-failed'>
<tr><td colspan='4' align='center'><b>FAILED TESTS</b></td></tr>
<tr><td><b>Test method</b></td>
<td width="30%"><b>Exception</b></td>
<td width="10%"><b>Time (seconds)</b></td>
<td><b>Instance</b></td>
</tr>
<tr>
<td title='com.mailchimp.automation.testcases.HomePageTest.verifyHomePageTitleTest()'><b>verifyHomePageTitleTest</b><br>Test class: com.mailchimp.automation.testcases.HomePageTest</td>
<td><div><pre>java.lang.AssertionError: Home page title not matched expected [Marketing Platform for Small Businesses - Sell More Stuff | MailChimp] but found [All subscribers of ListAuto1 | MailChimp]
	at com.mailchimp.automation.testcases.HomePageTest.verifyHomePageTitleTest(HomePageTest.java:31)
	at com.mailchimp.automation.suite.TestStarter.start(TestStarter.java:37)
	at com.mailchimp.automation.MailChimpApp.main(MailChimpApp.java:22)
... Removed 27 stack frames</pre></div><a href='#' onClick='toggleBox("stack-trace809260538", this, "Click to show all stack frames", "Click to hide stack frames")'>Click to show all stack frames</a>
<div class='stack-trace' id='stack-trace809260538'><pre>java.lang.AssertionError: Home page title not matched expected [Marketing Platform for Small Businesses - Sell More Stuff | MailChimp] but found [All subscribers of ListAuto1 | MailChimp]
	at org.testng.Assert.fail(Assert.java:93)
	at org.testng.Assert.failNotEquals(Assert.java:512)
	at org.testng.Assert.assertEqualsImpl(Assert.java:134)
	at org.testng.Assert.assertEquals(Assert.java:115)
	at org.testng.Assert.assertEquals(Assert.java:189)
	at com.mailchimp.automation.testcases.HomePageTest.verifyHomePageTitleTest(HomePageTest.java:31)
	at java.base/jdk.internal.reflect.NativeMethodAccessorImpl.invoke0(Native Method)
	at java.base/jdk.internal.reflect.NativeMethodAccessorImpl.invoke(Unknown Source)
	at java.base/jdk.internal.reflect.DelegatingMethodAccessorImpl.invoke(Unknown Source)
	at java.base/java.lang.reflect.Method.invoke(Unknown Source)
	at org.testng.internal.MethodInvocationHelper.invokeMethod(MethodInvocationHelper.java:108)
	at org.testng.internal.Invoker.invokeMethod(Invoker.java:661)
	at org.testng.internal.Invoker.invokeTestMethod(Invoker.java:869)
	at org.testng.internal.Invoker.invokeTestMethods(Invoker.java:1193)
	at org.testng.internal.TestMethodWorker.invokeTestMethods(TestMethodWorker.java:126)
	at org.testng.internal.TestMethodWorker.run(TestMethodWorker.java:109)
	at org.testng.TestRunner.privateRun(TestRunner.java:744)
	at org.testng.TestRunner.run(TestRunner.java:602)
	at org.testng.SuiteRunner.runTest(SuiteRunner.java:380)
	at org.testng.SuiteRunner.runSequentially(SuiteRunner.java:375)
	at org.testng.SuiteRunner.privateRun(SuiteRunner.java:340)
	at org.testng.SuiteRunner.run(SuiteRunner.java:289)
	at org.testng.SuiteRunnerWorker.runSuite(SuiteRunnerWorker.java:52)
	at org.testng.SuiteRunnerWorker.run(SuiteRunnerWorker.java:86)
	at org.testng.TestNG.runSuitesSequentially(TestNG.java:1301)
	at org.testng.TestNG.runSuitesLocally(TestNG.java:1226)
	at org.testng.TestNG.runSuites(TestNG.java:1144)
	at org.testng.TestNG.run(TestNG.java:1115)
	at com.mailchimp.automation.suite.TestStarter.start(TestStarter.java:37)
	at com.mailchimp.automation.MailChimpApp.main(MailChimpApp.java:22)
</pre></div></td>
<td>0</td>
<td>com.mailchimp.automation.testcases.HomePageTest@54227100</td></tr>
</table><p>
<table width='100%' border='1' class='invocation-passed'>
<tr><td colspan='4' align='center'><b>PASSED TESTS</b></td></tr>
<tr><td><b>Test method</b></td>
<td width="30%"><b>Exception</b></td>
<td width="10%"><b>Time (seconds)</b></td>
<td><b>Instance</b></td>
</tr>
<tr>
<td title='com.mailchimp.automation.testcases.CreateListPageTest.verifyCreateNewList()'><b>verifyCreateNewList</b><br>Test class: com.mailchimp.automation.testcases.CreateListPageTest</td>
<td></td>
<td>0</td>
<td>com.mailchimp.automation.testcases.CreateListPageTest@3f446bef</td></tr>
<tr>
<td title='com.mailchimp.automation.testcases.DashboardPageTest.verifyDashBoardSuccessfully()'><b>verifyDashBoardSuccessfully</b><br>Test class: com.mailchimp.automation.testcases.DashboardPageTest</td>
<td></td>
<td>0</td>
<td>com.mailchimp.automation.testcases.DashboardPageTest@1433046b</td></tr>
<tr>
<td title='com.mailchimp.automation.testcases.LoginPageTest.verifyLoginSuccessfully()'><b>verifyLoginSuccessfully</b><br>Test class: com.mailchimp.automation.testcases.LoginPageTest</td>
<td></td>
<td>0</td>
<td>com.mailchimp.automation.testcases.LoginPageTest@6b5894c8</td></tr>
</table><p>
<table width='100%' border='1' class='invocation-skipped'>
<tr><td colspan='4' align='center'><b>SKIPPED TESTS</b></td></tr>
<tr><td><b>Test method</b></td>
<td width="30%"><b>Exception</b></td>
<td width="10%"><b>Time (seconds)</b></td>
<td><b>Instance</b></td>
</tr>
<tr>
<td title='com.mailchimp.automation.testcases.LogoutPageTest.verifyLogOutSuccessfully()'><b>verifyLogOutSuccessfully</b><br>Test class: com.mailchimp.automation.testcases.LogoutPageTest</td>
<td><div><pre>java.lang.NullPointerException
	at com.mailchimp.automation.testcases.LogoutPageTest.setUp(LogoutPageTest.java:23)
	at com.mailchimp.automation.suite.TestStarter.start(TestStarter.java:37)
	at com.mailchimp.automation.MailChimpApp.main(MailChimpApp.java:22)
... Removed 24 stack frames</pre></div><a href='#' onClick='toggleBox("stack-trace1600061360", this, "Click to show all stack frames", "Click to hide stack frames")'>Click to show all stack frames</a>
<div class='stack-trace' id='stack-trace1600061360'><pre>java.lang.NullPointerException
	at com.mailchimp.automation.testcases.LogoutPageTest.setUp(LogoutPageTest.java:23)
	at java.base/jdk.internal.reflect.NativeMethodAccessorImpl.invoke0(Native Method)
	at java.base/jdk.internal.reflect.NativeMethodAccessorImpl.invoke(Unknown Source)
	at java.base/jdk.internal.reflect.DelegatingMethodAccessorImpl.invoke(Unknown Source)
	at java.base/java.lang.reflect.Method.invoke(Unknown Source)
	at org.testng.internal.MethodInvocationHelper.invokeMethod(MethodInvocationHelper.java:108)
	at org.testng.internal.Invoker.invokeConfigurationMethod(Invoker.java:523)
	at org.testng.internal.Invoker.invokeConfigurations(Invoker.java:224)
	at org.testng.internal.Invoker.invokeMethod(Invoker.java:599)
	at org.testng.internal.Invoker.invokeTestMethod(Invoker.java:869)
	at org.testng.internal.Invoker.invokeTestMethods(Invoker.java:1193)
	at org.testng.internal.TestMethodWorker.invokeTestMethods(TestMethodWorker.java:126)
	at org.testng.internal.TestMethodWorker.run(TestMethodWorker.java:109)
	at org.testng.TestRunner.privateRun(TestRunner.java:744)
	at org.testng.TestRunner.run(TestRunner.java:602)
	at org.testng.SuiteRunner.runTest(SuiteRunner.java:380)
	at org.testng.SuiteRunner.runSequentially(SuiteRunner.java:375)
	at org.testng.SuiteRunner.privateRun(SuiteRunner.java:340)
	at org.testng.SuiteRunner.run(SuiteRunner.java:289)
	at org.testng.SuiteRunnerWorker.runSuite(SuiteRunnerWorker.java:52)
	at org.testng.SuiteRunnerWorker.run(SuiteRunnerWorker.java:86)
	at org.testng.TestNG.runSuitesSequentially(TestNG.java:1301)
	at org.testng.TestNG.runSuitesLocally(TestNG.java:1226)
	at org.testng.TestNG.runSuites(TestNG.java:1144)
	at org.testng.TestNG.run(TestNG.java:1115)
	at com.mailchimp.automation.suite.TestStarter.start(TestStarter.java:37)
	at com.mailchimp.automation.MailChimpApp.main(MailChimpApp.java:22)
</pre></div></td>
<td>0</td>
<td>com.mailchimp.automation.testcases.LogoutPageTest@7829b776</td></tr>
</table><p>
</body>
</html>